<?xml version="1.0" encoding="UTF-8"?>
<!-- Generated by org.testng.reporters.JUnitReportReporter -->
<testsuite name="jenkins.LaunchBrowser" tests="1" time="16.484" ignored="0" failures="0" timestamp="24 Feb 2020 05:30:07 GMT" skipped="0" hostname="om-PC" errors="0">
  <testcase name="launchTest" time="16.484" classname="jenkins.LaunchBrowser"/>
</testsuite> <!-- jenkins.LaunchBrowser -->
